stdClass Object
(
    [error] => 0
stdClass Object
(
    [error] => 0
    [cost] => 0.0046839714050293
    [total] => 1
    [page] => 1
    [size] => 20
    [data] => Array
        (
            [0] => stdClass Object
                (
                    [voucher_rule_id] => 7
                    [name] => 11.11
                    [corp_id] => 1
                    [scope_type] => 1
                    [state] => 7
                    [number] => 100
                    [number_created] => 100
                    [number_used] => 0
                    [value] => 1000
                    [value_min] => 1010
                    [stop_time] => 2016-11-30 00:00:00
                )

        )

)
    [cost] => 0.0043511390686035
    [total] => 1
    [page] => 1
    [size] => 20
    [data] => Array
        (
            [0] => stdClass Object
                (
                    [voucher_rule_id] => 7
                    [name] => 11.11
                    [corp_id] => 1
                    [scope_type] => 1
                    [state] => 7
                    [number] => 100
                    [number_created] => 100
                    [number_used] => 0
                    [value] => 1000
                    [value_min] => 1010
                    [stop_time] => 2016-11-30 00:00:00
                )

        )

)
stdClass Object
(
    [error] => 0
    [cost] => 0.0043079853057861
    [total] => 1
    [page] => 1
    [size] => 20
    [data] => Array
        (
            [0] => stdClass Object
                (
                    [voucher_rule_id] => 7
                    [name] => 11.11
                    [corp_id] => 1
                    [scope_type] => 1
                    [state] => 7
                    [number] => 100
                    [number_created] => 100
                    [number_used] => 0
                    [value] => 1000
                    [value_min] => 1010
                    [stop_time] => 2016-11-30 00:00:00
                )

        )

)
stdClassstdClass Object
(
    [error] => 0
    [cost] => 0.004539966583252
    [total] => 1
    [page] => 1
    [size] => 20
    [data] => Array
        (
            [0] => stdClass Object
                (
                    [voucher_rule_id] => 7
                    [name] => 11.11
                    [corp_id] => 1
                    [scope_type] => 1
                    [state] => 7
                    [number] => 100
                    [number_created] => 100
                    [number_used] => 0
                    [value] => 1000
                    [value_min] => 1010
                    [stop_time] => 2016-11-30 00:00:00
                )

        )

)
 Object
(
 stdClass Object
(
    [error] => 0
    [cost] => 0.0045509338378906
    [total] => 1
    [page] => 1
    [size] => 20
    [data] => Array
        (
            [0] => stdClass Object
                (
                    [voucher_rule_id] => 7
                    [name] => 11.11
                    [corp_id] => 1
                    [scope_type] => 1
                    [state] => 7
                    [number] => 100
                    [number_created] => 100
                    [number_used] => 0
                    [value] => 1000
                    [value_min] => 1010
                    [stop_time] => 2016-11-30 00:00:00
                )

        )

)
   [error] => 0
    [cost] => 0.0045158863067627
    [total] => 1
    [page] => 1
    [size] => 20
    [data] => Array
        (
            [0] => stdClass Object
                (
                    [voucher_rule_id] => 7
                    [name] => 11.11
                    [corp_id] => 1
                    [scope_type] => 1
                    [state] => 7
                    [number] => 100
                    [number_created] => 100
                    [number_used] => 0
                    [value] => 1000
                    [value_min] => 1010
                    [stop_time] => 2016-11-30 00:00:00
                )

        )

)
stdClass Object
(
    [error] => 0
    [cost] => 0.0049362182617188
    [total] => 1
    [page] => 1
    [size] => 20
    [data] => Array
        (
            [0] => stdClass Object
                (
                    [voucher_rule_id] => 7
                    [name] => 11.11
                    [corp_id] => 1
                    [scope_type] => 1
               stdClass Object
(
    [error] => 0
    [cost] => 0.0052559375762939
    [total] => 1
    [page] => 1
    [size] => 20
    [data] => Array
        (
            [0] => stdClass Object
                (
                    [voucher_rule_id] => 7
                    [name] => 11.11
                    [corp_id] => 1
                    [scope_type] => 1
                    [state] => 7
                    [number] => 100
                    [number_created] => 100
                    [number_used] => 0
                    [value] => 1000
                    [value_min] => 1010
                    [stop_time] => 2016-11-30 00:00:00
                )

        )

)
     [state] => 7
                    [number] => 100
                    [number_created] => 100
                    [number_used] => 0
                    [value] => 1000
                    [value_min] => 1010
                    [stop_time] => 2016-11-30 00:00:00
                )

        )

)
stdClass Object
(
    [error] => 0
    [cost] => 0.0047588348388672
    [total] => 1
    [page] => 1
    [size] => 20
    [data] => Array
        (
            [0] => stdClass Object
                (
                    [voucher_rule_id] => 7
                    [name] => 11.11
                    [corp_id] => 1
                    [scope_type] => 1
                    [state] => 7
                    [number] => 100
                    [number_created] => 100
                    [number_used] => 0
                    [value] => 1000
                    [value_min] => 1010
                    [stop_time] => 2016-11-30 00:00:00
                )

        )

)
stdClassstdClassstdClass Object
(
    [error] => 0
    [cost] => 0.0050921440124512
    [total] => 1
    [page] => 1
    [size] => 20
    [data] => Array
        (
            [0] => stdClass Object
                (
                    [voucher_rule_id] => 7
                    [name] => 11.11
                    [corp_id] => 1
                    [scope_type] => 1
                    [state] => 7
                    [number] => 100
                    [number_created] => 100
                    [number_used] => 0
                    [value] => 1000
                    [value_min] => 1010
                    [stop_time] => 2016-11-30 00:00:00
                )

        )

)
 Object
(
    [error] => 0
  Object
(
    [error] => 0
    [cost] => 0.0056078433990479
    [total] => 1
    [page] => 1
    [size] => 20
    [data] => Array
        (
            [0] => stdClass Object
                (
                    [voucher_rule_id] => 7
                    [name] => 11.11
                    [corp_id] => 1
                    [scope_type] => 1
                    [state] => 7
                    [number] => 100
                    [number_created] => 100
                    [number_used] => 0
                    [value] => 1000
                    [value_min] => 1010
                    [stop_time] => 2016-11-30 00:00:00
                )

        )

)
   [cost] => 0.0058741569519043
    [total] => 1
    [page] => 1
    [size] => 20
    [data] => Array
        (
            [0] => stdClass Object
                (
                    [voucher_rule_id] => 7
                    [name] => 11.11
                    [corp_id] => 1
                    [scope_type] => 1
                    [state] => 7
                    [number] => 100
                    [number_created] => 100
                    [number_used] => 0
                    [value] => 1000
                    [value_min] => 1010
                    [stop_time] => 2016-11-30 00:00:00
                )

        )

)
